Mono runtime detected.
Operating system: Microsoft Windows NT 5.1.2600.196608 Service Pack 3
System.ArgumentException: Only indexed-color bitmaps are supported.
  at SonicRetro.SonLVL.API.BitmapBits.LoadBitmap (System.Drawing.Bitmap bmp) [0x00000] in <filename unknown>:0 
  at SonicRetro.SonLVL.API.BitmapBits..ctor (System.String filename) [0x00000] in <filename unknown>:0 
  at SonicRetro.SonLVL.GUI.MainForm.MainForm_Load (System.Object sender, System.EventArgs e) [0x00000] in <filename unknown>:0 
  at System.Windows.Forms.Form.OnLoad (System.EventArgs e) [0x00000] in <filename unknown>:0 
  at System.Windows.Forms.Form.OnLoadInternal (System.EventArgs e) [0x00000] in <filename unknown>:0 
Opening INI file "Z:\home\ralakimus\git\Yundong\Disassembly\SonLVL INIs\SonLVL.ini"...
Game type is S1.
Loading Green Hill Zone Act 1...
Loading 8x8 tiles from file "../art/nemesis/8x8ghz.bin", using compression Nemesis...
Loading 16x16 blocks from file "../level/blocks/GHZ.bin", using compression Enigma...
Loading 128x128 chunks from file "../level/chunks/GHZ.bin", using compression Kosinski...
Loading layout from file "../level/layouts/ghz1.bin", using compression Uncompressed...
Loading palette file "../palette/sonic.bin"...
Source: 0 Destination: 0 Length: 16
Loading palette file "../palette/ghz.bin"...
Source: 0 Destination: 16 Length: 48
Loading object definition file "obj.ini".
Loading object definition file "obj128.ini".
Loading object definition file "objGHZ.ini".
Loading ObjectDefinition type S12005ObjectDefinitions.Common.Ring from "Common\Ring.cs"...
Compiling code file...
System.TypeInitializationException: An exception was thrown by the type initializer for Mono.CSharp.CSharpCodeCompiler ---> System.IO.FileNotFoundException: Windows mono path not found: C:\windows\mono\mono\mono\mini\mono.exe
  at Mono.CSharp.CSharpCodeCompiler..cctor () [0x00000] in <filename unknown>:0 
  --- End of inner exception stack trace ---
  at Microsoft.CSharp.CSharpCodeProvider.CreateCompiler () [0x00000] in <filename unknown>:0 
  at System.CodeDom.Compiler.CodeDomProvider.CompileAssemblyFromFile (System.CodeDom.Compiler.CompilerParameters options, System.String[] fileNames) [0x00000] in <filename unknown>:0 
  at SonicRetro.SonLVL.API.LevelData.InitObjectDefinitions () [0x00000] in <filename unknown>:0 
  at SonicRetro.SonLVL.API.LevelData.LoadLevel (System.String levelname, Boolean loadGraphics) [0x00000] in <filename unknown>:0 
  at SonicRetro.SonLVL.GUI.MainForm.backgroundLevelLoader_DoWork (System.Object sender, System.ComponentModel.DoWorkEventArgs e) [0x00000] in <filename unknown>:0 
